  Windows dya.cpp
G:\VCCODE\VC\Tools\MSVC\14.44.35207\include\filesystem(12): warning STL4038: The contents of <filesystem> are available only with C++17 or later.
E:\Windows dya\Windows dya.cpp(12,21): error C2039: "filesystem": 不是 "std" 的成员
      G:\VCCODE\VC\Tools\MSVC\14.44.35207\include\vector(29,1):
      参见“std”的声明
  
E:\Windows dya\Windows dya.cpp(12,21): error C2878: “filesystem”: 该名称的命名空间或类不存在
E:\Windows dya\Windows dya.cpp(145,5): error C2653: “fs”: 不是类或命名空间名称
E:\Windows dya\Windows dya.cpp(145,9): error C2065: “path”: 未声明的标识符
E:\Windows dya\Windows dya.cpp(145,14): error C2146: 语法错误: 缺少“;”(在标识符“folderPath”的前面)
E:\Windows dya\Windows dya.cpp(145,14): error C2065: “folderPath”: 未声明的标识符
E:\Windows dya\Windows dya.cpp(147,5): error C2653: “fs”: 不是类或命名空间名称
E:\Windows dya\Windows dya.cpp(147,9): error C2065: “path”: 未声明的标识符
E:\Windows dya\Windows dya.cpp(147,14): error C2146: 语法错误: 缺少“;”(在标识符“fileName”的前面)
E:\Windows dya\Windows dya.cpp(147,14): error C2065: “fileName”: 未声明的标识符
E:\Windows dya\Windows dya.cpp(150,5): error C2653: “fs”: 不是类或命名空间名称
E:\Windows dya\Windows dya.cpp(150,9): error C2065: “path”: 未声明的标识符
E:\Windows dya\Windows dya.cpp(150,14): error C2146: 语法错误: 缺少“;”(在标识符“filePath”的前面)
E:\Windows dya\Windows dya.cpp(150,14): error C2065: “filePath”: 未声明的标识符
E:\Windows dya\Windows dya.cpp(150,25): error C2065: “folderPath”: 未声明的标识符
E:\Windows dya\Windows dya.cpp(150,38): error C2065: “fileName”: 未声明的标识符
E:\Windows dya\Windows dya.cpp(153,9): error C2653: “fs”: 不是类或命名空间名称
E:\Windows dya\Windows dya.cpp(153,20): error C2065: “filePath”: 未声明的标识符
E:\Windows dya\Windows dya.cpp(153,13): error C3861: “exists”: 找不到标识符
E:\Windows dya\Windows dya.cpp(153,33): error C2653: “fs”: 不是类或命名空间名称
E:\Windows dya\Windows dya.cpp(153,53): error C2065: “filePath”: 未声明的标识符
E:\Windows dya\Windows dya.cpp(153,37): error C3861: “is_regular_file”: 找不到标识符
E:\Windows dya\Windows dya.cpp(194,5): error C2665: “settextstyle”: 没有重载函数可以转换所有参数类型
      G:\VCCODE\VC\Auxiliary\VS\include\easyx.h(249,6):
      可能是“void settextstyle(int,int,LPCTSTR)”
          E:\Windows dya\Windows dya.cpp(194,5):
          “void settextstyle(int,int,LPCTSTR)”: 无法将参数 3 从“const char [5]”转换为“LPCTSTR”
              E:\Windows dya\Windows dya.cpp(194,25):
              指向的类型不相关; 转换需要 reinterpret_cast、C 样式强制转换或带圆括号的函数样式强制转换
      E:\Windows dya\Windows dya.cpp(194,5):
      尝试匹配参数列表“(int, int, const char [5])”时
  
E:\Windows dya\Windows dya.cpp(195,5): error C2665: “outtextxy”: 没有重载函数可以转换所有参数类型
      G:\VCCODE\VC\Auxiliary\VS\include\easyx.h(226,6):
      可能是“void outtextxy(int,int,TCHAR)”
          E:\Windows dya\Windows dya.cpp(195,5):
          “void outtextxy(int,int,TCHAR)”: 无法将参数 3 从“const char [22]”转换为“TCHAR”
              E:\Windows dya\Windows dya.cpp(195,25):
              没有使该转换得以执行的上下文
      G:\VCCODE\VC\Auxiliary\VS\include\easyx.h(225,6):
      或    “void outtextxy(int,int,LPCTSTR)”
          E:\Windows dya\Windows dya.cpp(195,5):
          “void outtextxy(int,int,LPCTSTR)”: 无法将参数 3 从“const char [22]”转换为“LPCTSTR”
              E:\Windows dya\Windows dya.cpp(195,25):
              指向的类型不相关; 转换需要 reinterpret_cast、C 样式强制转换或带圆括号的函数样式强制转换
      E:\Windows dya\Windows dya.cpp(195,5):
      尝试匹配参数列表“(int, int, const char [22])”时
  
E:\Windows dya\Windows dya.cpp(196,5): error C2664: “MCIERROR mciSendStringW(LPCWSTR,LPWSTR,UINT,HWND)”: 无法将参数 1 从“const char [17]”转换为“LPCWSTR”
      E:\Windows dya\Windows dya.cpp(196,19):
      指向的类型不相关; 转换需要 reinterpret_cast、C 样式强制转换或带圆括号的函数样式强制转换
      C:\Program Files (x86)\Windows Kits\10\Include\10.0.26100.0\um\mciapi.h(87,1):
      参见“mciSendStringW”的声明
      E:\Windows dya\Windows dya.cpp(196,5):
      尝试匹配参数列表“(const char [17], int, int, int)”时
  
E:\Windows dya\Windows dya.cpp(197,5): error C2664: “MCIERROR mciSendStringW(LPCWSTR,LPWSTR,UINT,HWND)”: 无法将参数 1 从“const char [17]”转换为“LPCWSTR”
      E:\Windows dya\Windows dya.cpp(197,19):
      指向的类型不相关; 转换需要 reinterpret_cast、C 样式强制转换或带圆括号的函数样式强制转换
      C:\Program Files (x86)\Windows Kits\10\Include\10.0.26100.0\um\mciapi.h(87,1):
      参见“mciSendStringW”的声明
      E:\Windows dya\Windows dya.cpp(197,5):
      尝试匹配参数列表“(const char [17], int, int, int)”时
  
E:\Windows dya\Windows dya.cpp(205,5): error C2665: “settextstyle”: 没有重载函数可以转换所有参数类型
      G:\VCCODE\VC\Auxiliary\VS\include\easyx.h(249,6):
      可能是“void settextstyle(int,int,LPCTSTR)”
          E:\Windows dya\Windows dya.cpp(205,5):
          “void settextstyle(int,int,LPCTSTR)”: 无法将参数 3 从“const char [5]”转换为“LPCTSTR”
              E:\Windows dya\Windows dya.cpp(205,25):
              指向的类型不相关; 转换需要 reinterpret_cast、C 样式强制转换或带圆括号的函数样式强制转换
      E:\Windows dya\Windows dya.cpp(205,5):
      尝试匹配参数列表“(int, int, const char [5])”时
  
E:\Windows dya\Windows dya.cpp(206,5): error C2665: “outtextxy”: 没有重载函数可以转换所有参数类型
      G:\VCCODE\VC\Auxiliary\VS\include\easyx.h(226,6):
      可能是“void outtextxy(int,int,TCHAR)”
          E:\Windows dya\Windows dya.cpp(206,5):
          “void outtextxy(int,int,TCHAR)”: 无法将参数 3 从“const char [22]”转换为“TCHAR”
              E:\Windows dya\Windows dya.cpp(206,25):
              没有使该转换得以执行的上下文
      G:\VCCODE\VC\Auxiliary\VS\include\easyx.h(225,6):
      或    “void outtextxy(int,int,LPCTSTR)”
          E:\Windows dya\Windows dya.cpp(206,5):
          “void outtextxy(int,int,LPCTSTR)”: 无法将参数 3 从“const char [22]”转换为“LPCTSTR”
              E:\Windows dya\Windows dya.cpp(206,25):
              指向的类型不相关; 转换需要 reinterpret_cast、C 样式强制转换或带圆括号的函数样式强制转换
      E:\Windows dya\Windows dya.cpp(206,5):
      尝试匹配参数列表“(int, int, const char [22])”时
  
E:\Windows dya\Windows dya.cpp(207,5): error C2664: “MCIERROR mciSendStringW(LPCWSTR,LPWSTR,UINT,HWND)”: 无法将参数 1 从“const char [16]”转换为“LPCWSTR”
      E:\Windows dya\Windows dya.cpp(207,19):
      指向的类型不相关; 转换需要 reinterpret_cast、C 样式强制转换或带圆括号的函数样式强制转换
      C:\Program Files (x86)\Windows Kits\10\Include\10.0.26100.0\um\mciapi.h(87,1):
      参见“mciSendStringW”的声明
      E:\Windows dya\Windows dya.cpp(207,5):
      尝试匹配参数列表“(const char [16], int, int, int)”时
  
E:\Windows dya\Windows dya.cpp(208,5): error C2664: “MCIERROR mciSendStringW(LPCWSTR,LPWSTR,UINT,HWND)”: 无法将参数 1 从“const char [16]”转换为“LPCWSTR”
      E:\Windows dya\Windows dya.cpp(208,19):
      指向的类型不相关; 转换需要 reinterpret_cast、C 样式强制转换或带圆括号的函数样式强制转换
      C:\Program Files (x86)\Windows Kits\10\Include\10.0.26100.0\um\mciapi.h(87,1):
      参见“mciSendStringW”的声明
      E:\Windows dya\Windows dya.cpp(208,5):
      尝试匹配参数列表“(const char [16], int, int, int)”时
  
E:\Windows dya\Windows dya.cpp(227,5): error C2665: “loadimage”: 没有重载函数可以转换所有参数类型
      G:\VCCODE\VC\Auxiliary\VS\include\easyx.h(259,6):
      可能是“void loadimage(IMAGE *,LPCTSTR,LPCTSTR,int,int,bool)”
          E:\Windows dya\Windows dya.cpp(227,5):
          “void loadimage(IMAGE *,LPCTSTR,LPCTSTR,int,int,bool)”: 无法将参数 2 从“const char [46]”转换为“LPCTSTR”
              E:\Windows dya\Windows dya.cpp(227,27):
              指向的类型不相关; 转换需要 reinterpret_cast、C 样式强制转换或带圆括号的函数样式强制转换
      G:\VCCODE\VC\Auxiliary\VS\include\easyx.h(258,6):
      或    “void loadimage(IMAGE *,LPCTSTR,int,int,bool)”
          E:\Windows dya\Windows dya.cpp(227,5):
          “void loadimage(IMAGE *,LPCTSTR,int,int,bool)”: 无法将参数 2 从“const char [46]”转换为“LPCTSTR”
              E:\Windows dya\Windows dya.cpp(227,27):
              指向的类型不相关; 转换需要 reinterpret_cast、C 样式强制转换或带圆括号的函数样式强制转换
      E:\Windows dya\Windows dya.cpp(227,5):
      尝试匹配参数列表“(IMAGE *, const char [46], int, int)”时
  
E:\Windows dya\Windows dya.cpp(231,5): error C2665: “loadimage”: 没有重载函数可以转换所有参数类型
      G:\VCCODE\VC\Auxiliary\VS\include\easyx.h(259,6):
      可能是“void loadimage(IMAGE *,LPCTSTR,LPCTSTR,int,int,bool)”
          E:\Windows dya\Windows dya.cpp(231,5):
          “void loadimage(IMAGE *,LPCTSTR,LPCTSTR,int,int,bool)”: 无法将参数 2 从“const char [57]”转换为“LPCTSTR”
              E:\Windows dya\Windows dya.cpp(231,25):
              指向的类型不相关; 转换需要 reinterpret_cast、C 样式强制转换或带圆括号的函数样式强制转换
      G:\VCCODE\VC\Auxiliary\VS\include\easyx.h(258,6):
      或    “void loadimage(IMAGE *,LPCTSTR,int,int,bool)”
          E:\Windows dya\Windows dya.cpp(231,5):
          “void loadimage(IMAGE *,LPCTSTR,int,int,bool)”: 无法将参数 2 从“const char [57]”转换为“LPCTSTR”
              E:\Windows dya\Windows dya.cpp(231,25):
              指向的类型不相关; 转换需要 reinterpret_cast、C 样式强制转换或带圆括号的函数样式强制转换
      E:\Windows dya\Windows dya.cpp(231,5):
      尝试匹配参数列表“(IMAGE *, const char [57], int, int)”时
  
E:\Windows dya\Windows dya.cpp(235,5): error C2665: “loadimage”: 没有重载函数可以转换所有参数类型
      G:\VCCODE\VC\Auxiliary\VS\include\easyx.h(259,6):
      可能是“void loadimage(IMAGE *,LPCTSTR,LPCTSTR,int,int,bool)”
          E:\Windows dya\Windows dya.cpp(235,5):
          “void loadimage(IMAGE *,LPCTSTR,LPCTSTR,int,int,bool)”: 无法将参数 2 从“const char [73]”转换为“LPCTSTR”
              E:\Windows dya\Windows dya.cpp(235,36):
              指向的类型不相关; 转换需要 reinterpret_cast、C 样式强制转换或带圆括号的函数样式强制转换
      G:\VCCODE\VC\Auxiliary\VS\include\easyx.h(258,6):
      或    “void loadimage(IMAGE *,LPCTSTR,int,int,bool)”
          E:\Windows dya\Windows dya.cpp(235,5):
          “void loadimage(IMAGE *,LPCTSTR,int,int,bool)”: 无法将参数 2 从“const char [73]”转换为“LPCTSTR”
              E:\Windows dya\Windows dya.cpp(235,36):
              指向的类型不相关; 转换需要 reinterpret_cast、C 样式强制转换或带圆括号的函数样式强制转换
      E:\Windows dya\Windows dya.cpp(235,5):
      尝试匹配参数列表“(IMAGE *, const char [73], int, int)”时
  
E:\Windows dya\Windows dya.cpp(239,5): error C2665: “loadimage”: 没有重载函数可以转换所有参数类型
      G:\VCCODE\VC\Auxiliary\VS\include\easyx.h(259,6):
      可能是“void loadimage(IMAGE *,LPCTSTR,LPCTSTR,int,int,bool)”
          E:\Windows dya\Windows dya.cpp(239,5):
          “void loadimage(IMAGE *,LPCTSTR,LPCTSTR,int,int,bool)”: 无法将参数 2 从“const char [49]”转换为“LPCTSTR”
              E:\Windows dya\Windows dya.cpp(239,26):
              指向的类型不相关; 转换需要 reinterpret_cast、C 样式强制转换或带圆括号的函数样式强制转换
      G:\VCCODE\VC\Auxiliary\VS\include\easyx.h(258,6):
      或    “void loadimage(IMAGE *,LPCTSTR,int,int,bool)”
          E:\Windows dya\Windows dya.cpp(239,5):
          “void loadimage(IMAGE *,LPCTSTR,int,int,bool)”: 无法将参数 2 从“const char [49]”转换为“LPCTSTR”
              E:\Windows dya\Windows dya.cpp(239,26):
              指向的类型不相关; 转换需要 reinterpret_cast、C 样式强制转换或带圆括号的函数样式强制转换
      E:\Windows dya\Windows dya.cpp(239,5):
      尝试匹配参数列表“(IMAGE *, const char [49], int, int)”时
  
E:\Windows dya\Windows dya.cpp(243,5): error C2665: “loadimage”: 没有重载函数可以转换所有参数类型
      G:\VCCODE\VC\Auxiliary\VS\include\easyx.h(259,6):
      可能是“void loadimage(IMAGE *,LPCTSTR,LPCTSTR,int,int,bool)”
          E:\Windows dya\Windows dya.cpp(243,5):
          “void loadimage(IMAGE *,LPCTSTR,LPCTSTR,int,int,bool)”: 无法将参数 2 从“const char [50]”转换为“LPCTSTR”
              E:\Windows dya\Windows dya.cpp(243,26):
              指向的类型不相关; 转换需要 reinterpret_cast、C 样式强制转换或带圆括号的函数样式强制转换
      G:\VCCODE\VC\Auxiliary\VS\include\easyx.h(258,6):
      或    “void loadimage(IMAGE *,LPCTSTR,int,int,bool)”
          E:\Windows dya\Windows dya.cpp(243,5):
          “void loadimage(IMAGE *,LPCTSTR,int,int,bool)”: 无法将参数 2 从“const char [50]”转换为“LPCTSTR”
              E:\Windows dya\Windows dya.cpp(243,26):
              指向的类型不相关; 转换需要 reinterpret_cast、C 样式强制转换或带圆括号的函数样式强制转换
      E:\Windows dya\Windows dya.cpp(243,5):
      尝试匹配参数列表“(IMAGE *, const char [50], int, int)”时
  
E:\Windows dya\Windows dya.cpp(247,5): error C2665: “loadimage”: 没有重载函数可以转换所有参数类型
      G:\VCCODE\VC\Auxiliary\VS\include\easyx.h(259,6):
      可能是“void loadimage(IMAGE *,LPCTSTR,LPCTSTR,int,int,bool)”
          E:\Windows dya\Windows dya.cpp(247,5):
          “void loadimage(IMAGE *,LPCTSTR,LPCTSTR,int,int,bool)”: 无法将参数 2 从“const char [42]”转换为“LPCTSTR”
              E:\Windows dya\Windows dya.cpp(247,24):
              指向的类型不相关; 转换需要 reinterpret_cast、C 样式强制转换或带圆括号的函数样式强制转换
      G:\VCCODE\VC\Auxiliary\VS\include\easyx.h(258,6):
      或    “void loadimage(IMAGE *,LPCTSTR,int,int,bool)”
          E:\Windows dya\Windows dya.cpp(247,5):
          “void loadimage(IMAGE *,LPCTSTR,int,int,bool)”: 无法将参数 2 从“const char [42]”转换为“LPCTSTR”
              E:\Windows dya\Windows dya.cpp(247,24):
              指向的类型不相关; 转换需要 reinterpret_cast、C 样式强制转换或带圆括号的函数样式强制转换
      E:\Windows dya\Windows dya.cpp(247,5):
      尝试匹配参数列表“(IMAGE *, const char [42], int, int)”时
  
E:\Windows dya\Windows dya.cpp(251,5): error C2665: “loadimage”: 没有重载函数可以转换所有参数类型
      G:\VCCODE\VC\Auxiliary\VS\include\easyx.h(259,6):
      可能是“void loadimage(IMAGE *,LPCTSTR,LPCTSTR,int,int,bool)”
          E:\Windows dya\Windows dya.cpp(251,5):
          “void loadimage(IMAGE *,LPCTSTR,LPCTSTR,int,int,bool)”: 无法将参数 2 从“const char [41]”转换为“LPCTSTR”
              E:\Windows dya\Windows dya.cpp(251,25):
              指向的类型不相关; 转换需要 reinterpret_cast、C 样式强制转换或带圆括号的函数样式强制转换
      G:\VCCODE\VC\Auxiliary\VS\include\easyx.h(258,6):
      或    “void loadimage(IMAGE *,LPCTSTR,int,int,bool)”
          E:\Windows dya\Windows dya.cpp(251,5):
          “void loadimage(IMAGE *,LPCTSTR,int,int,bool)”: 无法将参数 2 从“const char [41]”转换为“LPCTSTR”
              E:\Windows dya\Windows dya.cpp(251,25):
              指向的类型不相关; 转换需要 reinterpret_cast、C 样式强制转换或带圆括号的函数样式强制转换
      E:\Windows dya\Windows dya.cpp(251,5):
      尝试匹配参数列表“(IMAGE *, const char [41], int, int)”时
  
E:\Windows dya\Windows dya.cpp(255,5): error C2665: “loadimage”: 没有重载函数可以转换所有参数类型
      G:\VCCODE\VC\Auxiliary\VS\include\easyx.h(259,6):
      可能是“void loadimage(IMAGE *,LPCTSTR,LPCTSTR,int,int,bool)”
          E:\Windows dya\Windows dya.cpp(255,5):
          “void loadimage(IMAGE *,LPCTSTR,LPCTSTR,int,int,bool)”: 无法将参数 2 从“const char [47]”转换为“LPCTSTR”
              E:\Windows dya\Windows dya.cpp(255,25):
              指向的类型不相关; 转换需要 reinterpret_cast、C 样式强制转换或带圆括号的函数样式强制转换
      G:\VCCODE\VC\Auxiliary\VS\include\easyx.h(258,6):
      或    “void loadimage(IMAGE *,LPCTSTR,int,int,bool)”
          E:\Windows dya\Windows dya.cpp(255,5):
          “void loadimage(IMAGE *,LPCTSTR,int,int,bool)”: 无法将参数 2 从“const char [47]”转换为“LPCTSTR”
              E:\Windows dya\Windows dya.cpp(255,25):
              指向的类型不相关; 转换需要 reinterpret_cast、C 样式强制转换或带圆括号的函数样式强制转换
      E:\Windows dya\Windows dya.cpp(255,5):
      尝试匹配参数列表“(IMAGE *, const char [47], int, int)”时
  
E:\Windows dya\Windows dya.cpp(266,13): error C2665: “loadimage”: 没有重载函数可以转换所有参数类型
      G:\VCCODE\VC\Auxiliary\VS\include\easyx.h(259,6):
      可能是“void loadimage(IMAGE *,LPCTSTR,LPCTSTR,int,int,bool)”
          E:\Windows dya\Windows dya.cpp(266,13):
          “void loadimage(IMAGE *,LPCTSTR,LPCTSTR,int,int,bool)”: 无法将参数 2 从“const char [53]”转换为“LPCTSTR”
              E:\Windows dya\Windows dya.cpp(266,37):
              指向的类型不相关; 转换需要 reinterpret_cast、C 样式强制转换或带圆括号的函数样式强制转换
      G:\VCCODE\VC\Auxiliary\VS\include\easyx.h(258,6):
      或    “void loadimage(IMAGE *,LPCTSTR,int,int,bool)”
          E:\Windows dya\Windows dya.cpp(266,13):
          “void loadimage(IMAGE *,LPCTSTR,int,int,bool)”: 无法将参数 2 从“const char [53]”转换为“LPCTSTR”
              E:\Windows dya\Windows dya.cpp(266,37):
              指向的类型不相关; 转换需要 reinterpret_cast、C 样式强制转换或带圆括号的函数样式强制转换
      E:\Windows dya\Windows dya.cpp(266,13):
      尝试匹配参数列表“(IMAGE *, const char [53], int, int)”时
  
E:\Windows dya\Windows dya.cpp(302,9): error C2665: “settextstyle”: 没有重载函数可以转换所有参数类型
      G:\VCCODE\VC\Auxiliary\VS\include\easyx.h(249,6):
      可能是“void settextstyle(int,int,LPCTSTR)”
          E:\Windows dya\Windows dya.cpp(302,9):
          “void settextstyle(int,int,LPCTSTR)”: 无法将参数 3 从“const char [5]”转换为“LPCTSTR”
              E:\Windows dya\Windows dya.cpp(302,29):
              指向的类型不相关; 转换需要 reinterpret_cast、C 样式强制转换或带圆括号的函数样式强制转换
      E:\Windows dya\Windows dya.cpp(302,9):
      尝试匹配参数列表“(int, int, const char [5])”时
  
E:\Windows dya\Windows dya.cpp(305,9): error C2665: “loadimage”: 没有重载函数可以转换所有参数类型
      G:\VCCODE\VC\Auxiliary\VS\include\easyx.h(259,6):
      可能是“void loadimage(IMAGE *,LPCTSTR,LPCTSTR,int,int,bool)”
          E:\Windows dya\Windows dya.cpp(305,9):
          “void loadimage(IMAGE *,LPCTSTR,LPCTSTR,int,int,bool)”: 无法将参数 2 从“const char [47]”转换为“LPCTSTR”
              E:\Windows dya\Windows dya.cpp(305,29):
              指向的类型不相关; 转换需要 reinterpret_cast、C 样式强制转换或带圆括号的函数样式强制转换
      G:\VCCODE\VC\Auxiliary\VS\include\easyx.h(258,6):
      或    “void loadimage(IMAGE *,LPCTSTR,int,int,bool)”
          E:\Windows dya\Windows dya.cpp(305,9):
          “void loadimage(IMAGE *,LPCTSTR,int,int,bool)”: 无法将参数 2 从“const char [47]”转换为“LPCTSTR”
              E:\Windows dya\Windows dya.cpp(305,29):
              指向的类型不相关; 转换需要 reinterpret_cast、C 样式强制转换或带圆括号的函数样式强制转换
      E:\Windows dya\Windows dya.cpp(305,9):
      尝试匹配参数列表“(IMAGE *, const char [47], int, int)”时
  
E:\Windows dya\Windows dya.cpp(307,9): error C2665: “outtextxy”: 没有重载函数可以转换所有参数类型
      G:\VCCODE\VC\Auxiliary\VS\include\easyx.h(226,6):
      可能是“void outtextxy(int,int,TCHAR)”
          E:\Windows dya\Windows dya.cpp(307,9):
          “void outtextxy(int,int,TCHAR)”: 无法将参数 3 从“char [100]”转换为“TCHAR”
              E:\Windows dya\Windows dya.cpp(307,30):
              没有使该转换得以执行的上下文
      G:\VCCODE\VC\Auxiliary\VS\include\easyx.h(225,6):
      或    “void outtextxy(int,int,LPCTSTR)”
          E:\Windows dya\Windows dya.cpp(307,9):
          “void outtextxy(int,int,LPCTSTR)”: 无法将参数 3 从“char [100]”转换为“LPCTSTR”
              E:\Windows dya\Windows dya.cpp(307,30):
              指向的类型不相关; 转换需要 reinterpret_cast、C 样式强制转换或带圆括号的函数样式强制转换
      E:\Windows dya\Windows dya.cpp(307,9):
      尝试匹配参数列表“(int, int, char [100])”时
  
E:\Windows dya\Windows dya.cpp(327,13): error C2664: “HINSTANCE ShellExecuteW(HWND,LPCWSTR,LPCWSTR,LPCWSTR,LPCWSTR,INT)”: 无法将参数 2 从“const char [5]”转换为“LPCWSTR”
      E:\Windows dya\Windows dya.cpp(327,32):
      指向的类型不相关; 转换需要 reinterpret_cast、C 样式强制转换或带圆括号的函数样式强制转换
      C:\Program Files (x86)\Windows Kits\10\Include\10.0.26100.0\um\shellapi.h(96,22):
      参见“ShellExecuteW”的声明
      E:\Windows dya\Windows dya.cpp(327,13):
      尝试匹配参数列表“(int, const char [5], const char [12], int, int, int)”时
  
E:\Windows dya\Windows dya.cpp(333,13): error C2665: “loadimage”: 没有重载函数可以转换所有参数类型
      G:\VCCODE\VC\Auxiliary\VS\include\easyx.h(259,6):
      可能是“void loadimage(IMAGE *,LPCTSTR,LPCTSTR,int,int,bool)”
          E:\Windows dya\Windows dya.cpp(333,13):
          “void loadimage(IMAGE *,LPCTSTR,LPCTSTR,int,int,bool)”: 无法将参数 2 从“const char [39]”转换为“LPCTSTR”
              E:\Windows dya\Windows dya.cpp(333,29):
              指向的类型不相关; 转换需要 reinterpret_cast、C 样式强制转换或带圆括号的函数样式强制转换
      G:\VCCODE\VC\Auxiliary\VS\include\easyx.h(258,6):
      或    “void loadimage(IMAGE *,LPCTSTR,int,int,bool)”
          E:\Windows dya\Windows dya.cpp(333,13):
          “void loadimage(IMAGE *,LPCTSTR,int,int,bool)”: 无法将参数 2 从“const char [39]”转换为“LPCTSTR”
              E:\Windows dya\Windows dya.cpp(333,29):
              指向的类型不相关; 转换需要 reinterpret_cast、C 样式强制转换或带圆括号的函数样式强制转换
      E:\Windows dya\Windows dya.cpp(333,13):
      尝试匹配参数列表“(IMAGE *, const char [39], int, int)”时
  
E:\Windows dya\Windows dya.cpp(339,13): error C2665: “loadimage”: 没有重载函数可以转换所有参数类型
      G:\VCCODE\VC\Auxiliary\VS\include\easyx.h(259,6):
      可能是“void loadimage(IMAGE *,LPCTSTR,LPCTSTR,int,int,bool)”
          E:\Windows dya\Windows dya.cpp(339,13):
          “void loadimage(IMAGE *,LPCTSTR,LPCTSTR,int,int,bool)”: 无法将参数 2 从“const char [39]”转换为“LPCTSTR”
              E:\Windows dya\Windows dya.cpp(339,29):
              指向的类型不相关; 转换需要 reinterpret_cast、C 样式强制转换或带圆括号的函数样式强制转换
      G:\VCCODE\VC\Auxiliary\VS\include\easyx.h(258,6):
      或    “void loadimage(IMAGE *,LPCTSTR,int,int,bool)”
          E:\Windows dya\Windows dya.cpp(339,13):
          “void loadimage(IMAGE *,LPCTSTR,int,int,bool)”: 无法将参数 2 从“const char [39]”转换为“LPCTSTR”
              E:\Windows dya\Windows dya.cpp(339,29):
              指向的类型不相关; 转换需要 reinterpret_cast、C 样式强制转换或带圆括号的函数样式强制转换
      E:\Windows dya\Windows dya.cpp(339,13):
      尝试匹配参数列表“(IMAGE *, const char [39], int, int)”时
  
E:\Windows dya\Windows dya.cpp(345,13): error C2665: “loadimage”: 没有重载函数可以转换所有参数类型
      G:\VCCODE\VC\Auxiliary\VS\include\easyx.h(259,6):
      可能是“void loadimage(IMAGE *,LPCTSTR,LPCTSTR,int,int,bool)”
          E:\Windows dya\Windows dya.cpp(345,13):
          “void loadimage(IMAGE *,LPCTSTR,LPCTSTR,int,int,bool)”: 无法将参数 2 从“const char [39]”转换为“LPCTSTR”
              E:\Windows dya\Windows dya.cpp(345,29):
              指向的类型不相关; 转换需要 reinterpret_cast、C 样式强制转换或带圆括号的函数样式强制转换
      G:\VCCODE\VC\Auxiliary\VS\include\easyx.h(258,6):
      或    “void loadimage(IMAGE *,LPCTSTR,int,int,bool)”
          E:\Windows dya\Windows dya.cpp(345,13):
          “void loadimage(IMAGE *,LPCTSTR,int,int,bool)”: 无法将参数 2 从“const char [39]”转换为“LPCTSTR”
              E:\Windows dya\Windows dya.cpp(345,29):
              指向的类型不相关; 转换需要 reinterpret_cast、C 样式强制转换或带圆括号的函数样式强制转换
      E:\Windows dya\Windows dya.cpp(345,13):
      尝试匹配参数列表“(IMAGE *, const char [39], int, int)”时
  
E:\Windows dya\Windows dya.cpp(351,13): error C2665: “loadimage”: 没有重载函数可以转换所有参数类型
      G:\VCCODE\VC\Auxiliary\VS\include\easyx.h(259,6):
      可能是“void loadimage(IMAGE *,LPCTSTR,LPCTSTR,int,int,bool)”
          E:\Windows dya\Windows dya.cpp(351,13):
          “void loadimage(IMAGE *,LPCTSTR,LPCTSTR,int,int,bool)”: 无法将参数 2 从“const char [39]”转换为“LPCTSTR”
              E:\Windows dya\Windows dya.cpp(351,29):
              指向的类型不相关; 转换需要 reinterpret_cast、C 样式强制转换或带圆括号的函数样式强制转换
      G:\VCCODE\VC\Auxiliary\VS\include\easyx.h(258,6):
      或    “void loadimage(IMAGE *,LPCTSTR,int,int,bool)”
          E:\Windows dya\Windows dya.cpp(351,13):
          “void loadimage(IMAGE *,LPCTSTR,int,int,bool)”: 无法将参数 2 从“const char [39]”转换为“LPCTSTR”
              E:\Windows dya\Windows dya.cpp(351,29):
              指向的类型不相关; 转换需要 reinterpret_cast、C 样式强制转换或带圆括号的函数样式强制转换
      E:\Windows dya\Windows dya.cpp(351,13):
      尝试匹配参数列表“(IMAGE *, const char [39], int, int)”时
  
E:\Windows dya\Windows dya.cpp(357,13): error C2665: “loadimage”: 没有重载函数可以转换所有参数类型
      G:\VCCODE\VC\Auxiliary\VS\include\easyx.h(259,6):
      可能是“void loadimage(IMAGE *,LPCTSTR,LPCTSTR,int,int,bool)”
          E:\Windows dya\Windows dya.cpp(357,13):
          “void loadimage(IMAGE *,LPCTSTR,LPCTSTR,int,int,bool)”: 无法将参数 2 从“const char [39]”转换为“LPCTSTR”
              E:\Windows dya\Windows dya.cpp(357,29):
              指向的类型不相关; 转换需要 reinterpret_cast、C 样式强制转换或带圆括号的函数样式强制转换
      G:\VCCODE\VC\Auxiliary\VS\include\easyx.h(258,6):
      或    “void loadimage(IMAGE *,LPCTSTR,int,int,bool)”
          E:\Windows dya\Windows dya.cpp(357,13):
          “void loadimage(IMAGE *,LPCTSTR,int,int,bool)”: 无法将参数 2 从“const char [39]”转换为“LPCTSTR”
              E:\Windows dya\Windows dya.cpp(357,29):
              指向的类型不相关; 转换需要 reinterpret_cast、C 样式强制转换或带圆括号的函数样式强制转换
      E:\Windows dya\Windows dya.cpp(357,13):
      尝试匹配参数列表“(IMAGE *, const char [39], int, int)”时
  
